  main.cpp
c:\users\leeez\onedrive\desktop\sfml\sfml template\sfml template\main.cpp(432): warning C4244: 'argument': conversion from 'time_t' to 'unsigned int', possible loss of data
c:\users\leeez\onedrive\desktop\sfml\sfml template\sfml template\main.cpp(999): warning C4244: 'argument': conversion from 'time_t' to 'unsigned int', possible loss of data
c:\users\leeez\onedrive\desktop\sfml\sfml template\sfml template\main.cpp(1024): warning C4244: 'initializing': conversion from 'int' to 'float', possible loss of data
c:\users\leeez\onedrive\desktop\sfml\sfml template\sfml template\main.cpp(1025): warning C4244: 'initializing': conversion from 'int' to 'float', possible loss of data
c:\users\leeez\onedrive\desktop\sfml\sfml template\sfml template\main.cpp(1027): warning C4554: '&': check operator precedence for possible error; use parentheses to clarify precedence
c:\users\leeez\onedrive\desktop\sfml\sfml template\sfml template\main.cpp(1043): warning C4554: '&': check operator precedence for possible error; use parentheses to clarify precedence
c:\users\leeez\onedrive\desktop\sfml\sfml template\sfml template\main.cpp(1049): warning C4554: '&': check operator precedence for possible error; use parentheses to clarify precedence
c:\users\leeez\onedrive\desktop\sfml\sfml template\sfml template\main.cpp(1055): warning C4554: '&': check operator precedence for possible error; use parentheses to clarify precedence
c:\users\leeez\onedrive\desktop\sfml\sfml template\sfml template\main.cpp(1062): warning C4244: 'initializing': conversion from 'int' to 'float', possible loss of data
c:\users\leeez\onedrive\desktop\sfml\sfml template\sfml template\main.cpp(1063): warning C4244: 'initializing': conversion from 'int' to 'float', possible loss of data
c:\users\leeez\onedrive\desktop\sfml\sfml template\sfml template\main.cpp(1090): warning C4244: 'argument': conversion from 'int' to 'T', possible loss of data
          with
          [
              T=float
          ]
c:\users\leeez\onedrive\desktop\sfml\sfml template\sfml template\main.cpp(1092): warning C4244: 'argument': conversion from 'int' to 'T', possible loss of data
          with
          [
              T=float
          ]
c:\users\leeez\onedrive\desktop\sfml\sfml template\sfml template\main.cpp(1096): warning C4244: 'argument': conversion from 'int' to 'T', possible loss of data
          with
          [
              T=float
          ]
c:\users\leeez\onedrive\desktop\sfml\sfml template\sfml template\main.cpp(1135): warning C4244: 'initializing': conversion from 'int' to 'float', possible loss of data
c:\users\leeez\onedrive\desktop\sfml\sfml template\sfml template\main.cpp(1136): warning C4244: 'initializing': conversion from 'int' to 'float', possible loss of data
c:\users\leeez\onedrive\desktop\sfml\sfml template\sfml template\main.cpp(1137): warning C4554: '&': check operator precedence for possible error; use parentheses to clarify precedence
  SFML Template.vcxproj -> C:\Users\leeez\OneDrive\Desktop\SFML\SFML Template\Debug\SFML Template.exe
